[ 1295632ms] [WARNING] <link rel=preload> uses an unsupported `as` value @ https://checkout.stripe.com/c/pay/cs_live_b1aryAyOftXUUdW7axEwKN8A0nnvn8blceNIrfOVIn5OpaAGP3f2h34fxM#fidnandhYHdWcXxpYCc%2FJ2FgY2RwaXEnKSd2cGd2ZndsdXFsamtQa2x0cGBrYHZ2QGtkZ2lgYSc%2FY2RpdmApJ2R1bE5gfCc%2FJ3VuWmlsc2BaMDRJYl1UQ0E1PHx2c3VjbGZSS0tGYD1TXGZsY3dEUnxjfUJPZDZycjxvMk98RnVpd0pgUFRhZG9RTjFXZnQ9f2pkXGt1fG9tTkg8bTA9dTdxbDRGf1JuSm01NTdLakg9TTJBJyknY3dqaFZgd3Ngdyc%2FcXdwYCknZ2RmbmJ3anBrYUZqaWp3Jz8nJmNjY2NjYycpJ2lkfGpwcVF8dWAnPydocGlxbFpscWBoJyknYGtkZ2lgVWlkZmBtamlhYHd2Jz9xd3BgeCUl:0
[ 1295632ms] [WARNING] <link rel=preload> uses an unsupported `as` value @ https://checkout.stripe.com/c/pay/cs_live_b1aryAyOftXUUdW7axEwKN8A0nnvn8blceNIrfOVIn5OpaAGP3f2h34fxM#fidnandhYHdWcXxpYCc%2FJ2FgY2RwaXEnKSd2cGd2ZndsdXFsamtQa2x0cGBrYHZ2QGtkZ2lgYSc%2FY2RpdmApJ2R1bE5gfCc%2FJ3VuWmlsc2BaMDRJYl1UQ0E1PHx2c3VjbGZSS0tGYD1TXGZsY3dEUnxjfUJPZDZycjxvMk98RnVpd0pgUFRhZG9RTjFXZnQ9f2pkXGt1fG9tTkg8bTA9dTdxbDRGf1JuSm01NTdLakg9TTJBJyknY3dqaFZgd3Ngdyc%2FcXdwYCknZ2RmbmJ3anBrYUZqaWp3Jz8nJmNjY2NjYycpJ2lkfGpwcVF8dWAnPydocGlxbFpscWBoJyknYGtkZ2lgVWlkZmBtamlhYHd2Jz9xd3BgeCUl:0
[ 1297667ms] [INFO] Executing inline script violates the following Content Security Policy directive 'script-src 'self''. Either the 'unsafe-inline' keyword, a hash ('sha256-jHpAmF0oRzlxOJIaZ8LXPNjkZ6XjBhxXDbry9Oj08gQ='), or a nonce ('nonce-...') is required to enable inline execution. The policy is report-only, so the violation has been logged but no further action has been taken. @ https://js.stripe.com/v3/human-security-ddb8170fc71bfdc561be923cffe21aa4.html#debugMode=false&parentOrigin=https%3A%2F%2Fcheckout.stripe.com:2
[ 1297667ms] [INFO] Executing inline script violates the following Content Security Policy directive 'script-src 'self''. Either the 'unsafe-inline' keyword, a hash ('sha256-jHpAmF0oRzlxOJIaZ8LXPNjkZ6XjBhxXDbry9Oj08gQ='), or a nonce ('nonce-...') is required to enable inline execution. The policy is report-only, so the violation has been logged but no further action has been taken. @ https://js.stripe.com/v3/human-security-ddb8170fc71bfdc561be923cffe21aa4.html#debugMode=false&parentOrigin=https%3A%2F%2Fcheckout.stripe.com:2
[ 1298258ms] [LOG] %c EvalError
    at nx (https://client.px-cloud.net/PXVl48pWoc/main.min.js:2:67881)
    at pw (https://client.px-cloud.net/PXVl48pWoc/main.min.js:3:160)
    at FI (https://client.px-cloud.net/PXVl48pWoc/main.min.js:3:134584)
    at FG (https://client.px-cloud.net/PXVl48pWoc/main.min.js:3:134302)
    at https://client.px-cloud.net/PXVl48pWoc/main.min.js:3:136036
    at https://client.px-cloud.net/PXVl48pWoc/main.min.js:3:136042
    at https://client.px-cloud.net/PXVl48pWoc/main.min.js:3:136507 @ https://client.px-cloud.net/PXVl48pWoc/main.min.js:1
[ 1302781ms] [WARNING] <link rel=preload> uses an unsupported `as` value @ https://checkout.stripe.com/c/pay/cs_live_b1aryAyOftXUUdW7axEwKN8A0nnvn8blceNIrfOVIn5OpaAGP3f2h34fxM#fidnandhYHdWcXxpYCc%2FJ2FgY2RwaXEnKSd2cGd2ZndsdXFsamtQa2x0cGBrYHZ2QGtkZ2lgYSc%2FY2RpdmApJ2R1bE5gfCc%2FJ3VuWmlsc2BaMDRJYl1UQ0E1PHx2c3VjbGZSS0tGYD1TXGZsY3dEUnxjfUJPZDZycjxvMk98RnVpd0pgUFRhZG9RTjFXZnQ9f2pkXGt1fG9tTkg8bTA9dTdxbDRGf1JuSm01NTdLakg9TTJBJyknY3dqaFZgd3Ngdyc%2FcXdwYCknZ2RmbmJ3anBrYUZqaWp3Jz8nJmNjY2NjYycpJ2lkfGpwcVF8dWAnPydocGlxbFpscWBoJyknYGtkZ2lgVWlkZmBtamlhYHd2Jz9xd3BgeCUl:0
[ 1302781ms] [WARNING] <link rel=preload> uses an unsupported `as` value @ https://checkout.stripe.com/c/pay/cs_live_b1aryAyOftXUUdW7axEwKN8A0nnvn8blceNIrfOVIn5OpaAGP3f2h34fxM#fidnandhYHdWcXxpYCc%2FJ2FgY2RwaXEnKSd2cGd2ZndsdXFsamtQa2x0cGBrYHZ2QGtkZ2lgYSc%2FY2RpdmApJ2R1bE5gfCc%2FJ3VuWmlsc2BaMDRJYl1UQ0E1PHx2c3VjbGZSS0tGYD1TXGZsY3dEUnxjfUJPZDZycjxvMk98RnVpd0pgUFRhZG9RTjFXZnQ9f2pkXGt1fG9tTkg8bTA9dTdxbDRGf1JuSm01NTdLakg9TTJBJyknY3dqaFZgd3Ngdyc%2FcXdwYCknZ2RmbmJ3anBrYUZqaWp3Jz8nJmNjY2NjYycpJ2lkfGpwcVF8dWAnPydocGlxbFpscWBoJyknYGtkZ2lgVWlkZmBtamlhYHd2Jz9xd3BgeCUl:0
[ 1304773ms] [INFO] Executing inline script violates the following Content Security Policy directive 'script-src 'self''. Either the 'unsafe-inline' keyword, a hash ('sha256-jHpAmF0oRzlxOJIaZ8LXPNjkZ6XjBhxXDbry9Oj08gQ='), or a nonce ('nonce-...') is required to enable inline execution. The policy is report-only, so the violation has been logged but no further action has been taken. @ https://js.stripe.com/v3/human-security-ddb8170fc71bfdc561be923cffe21aa4.html#debugMode=false&parentOrigin=https%3A%2F%2Fcheckout.stripe.com:2
[ 1304773ms] [INFO] Executing inline script violates the following Content Security Policy directive 'script-src 'self''. Either the 'unsafe-inline' keyword, a hash ('sha256-jHpAmF0oRzlxOJIaZ8LXPNjkZ6XjBhxXDbry9Oj08gQ='), or a nonce ('nonce-...') is required to enable inline execution. The policy is report-only, so the violation has been logged but no further action has been taken. @ https://js.stripe.com/v3/human-security-ddb8170fc71bfdc561be923cffe21aa4.html#debugMode=false&parentOrigin=https%3A%2F%2Fcheckout.stripe.com:2
[ 1305301ms] [LOG] %c EvalError
    at nx (https://client.px-cloud.net/PXVl48pWoc/main.min.js:2:67881)
    at pw (https://client.px-cloud.net/PXVl48pWoc/main.min.js:3:160)
    at FI (https://client.px-cloud.net/PXVl48pWoc/main.min.js:3:134584)
    at FG (https://client.px-cloud.net/PXVl48pWoc/main.min.js:3:134302)
    at https://client.px-cloud.net/PXVl48pWoc/main.min.js:3:136036
    at https://client.px-cloud.net/PXVl48pWoc/main.min.js:3:136042
    at https://client.px-cloud.net/PXVl48pWoc/main.min.js:3:136507 @ https://client.px-cloud.net/PXVl48pWoc/main.min.js:1
